C51 COMPILER V9.60.0.0   MIAN                                                              06/06/2022 10:35:17 PAGE 1   


C51 COMPILER V9.60.0.0, COMPILATION OF MODULE MIAN
OBJECT MODULE PLACED IN .\Objects\mian.obj
COMPILER INVOKED BY: D:\Keil_v5\C51\BIN\C51.EXE mian.c OPTIMIZE(8,SPEED) BROWSE DEBUG OBJECTEXTEND PRINT(.\Listings\mian
                    -.lst) TABS(2) OBJECT(.\Objects\mian.obj)

line level    source

   1          #include <reg51.h>
   2          
   3          typedef unsigned long d;     //对数据类型进行声明定义
   4          typedef unsigned int b; 
   5          typedef unsigned char c;
   6          
   7          sbit LSA=P3^0;    //74hc138的A B C引脚定义
   8          sbit LSB=P3^1;
   9          sbit LSC=P3^2;
  10          
  11          #define SMG P0    //定义数码管段数据接口P0
  12          
  13          c a[]={0x3F,0x06,0x5B,0x4F,0x66,0x6D,0x7D,0x07,0x7F,0x6F};//分别显示0 1 2 3 4 5 6 7 8 9
  14          
  15          void delay_ms(b t)
  16          {
  17   1        b i,j;
  18   1        for(i=0; i<t; i++)
  19   1          for(j=0; j<120; j++);
  20   1        
  21   1      }
  22          
  23          
  24          void display(c match,number)    //显示函数
  25          {
  26   1      
  27   1          switch(match)   //先位选
  28   1          {
  29   2            case 0:LSC=0;LSB=0;LSA=0;break;
  30   2            case 1:LSC=0;LSB=0;LSA=1;break;
  31   2            case 2:LSC=0;LSB=1;LSA=0;break;
  32   2            case 3:LSC=0;LSB=1;LSA=1;break;
  33   2            case 4:LSC=1;LSB=0;LSA=0;break;
  34   2            case 5:LSC=1;LSB=0;LSA=1;break;
  35   2            case 6:LSC=1;LSB=1;LSA=0;break;
  36   2            case 7:LSC=1;LSB=1;LSA=1;break;
  37   2          }
  38   1          SMG=a[number];  //后发送段数据
  39   1          delay_ms(500);  //小延时，显示更稳定
  40   1          SMG=0x00;   //消影
  41   1      }
  42          
  43          void main(void)
  44          {
  45   1        d num=0;   //要显示的数据
  46   1        d number=0;
  47   1        
  48   1        while(1)
  49   1        {
  50   2            display(0,1);
  51   2            delay_ms(200);
  52   2            display(1,2);
  53   2            delay_ms(200);
  54   2            display(2,3);
C51 COMPILER V9.60.0.0   MIAN                                                              06/06/2022 10:35:17 PAGE 2   

  55   2            delay_ms(200);
  56   2            display(3,4);
  57   2            delay_ms(200);      
  58   2            display(4,5);
  59   2            delay_ms(200);      
  60   2            display(5,6);
  61   2            delay_ms(200);      
  62   2            display(6,7);
  63   2            delay_ms(200);      
  64   2            display(7,8);
  65   2            delay_ms(200);      
  66   2        }
  67   1      }


MODULE INFORMATION:   STATIC OVERLAYABLE
   CODE SIZE        =    230    ----
   CONSTANT SIZE    =   ----    ----
   XDATA SIZE       =   ----    ----
   PDATA SIZE       =   ----    ----
   DATA SIZE        =     10       8
   IDATA SIZE       =   ----    ----
   BIT SIZE         =   ----    ----
END OF MODULE INFORMATION.


C51 COMPILATION COMPLETE.  0 WARNING(S),  0 ERROR(S)
